======================================================================
RECURSIVE PIPELINE — HGB + rich lags + recursive forecasting
======================================================================
  train rows after lag warm-up: 3103
  features: 142
  val period: 180 days

--- Target: Revenue ---
  tuning HGB (30 trials)...
  best val_MAE_log: 0.2102
  best params: {'learning_rate': 0.0735, 'max_iter': 1021, 'max_leaf_nodes': 75, 'max_depth': 4, 'min_samples_leaf': 78, 'l2_regularization': 0.8159, 'max_bins': 133}
  refitting on full data...
  val MAE in original scale: 105,383
  recursive forecast for 548 days...

--- Target: COGS ---
  tuning HGB (30 trials)...
  best val_MAE_log: 0.2097
  best params: {'learning_rate': 0.0474, 'max_iter': 1326, 'max_leaf_nodes': 15, 'max_depth': 11, 'min_samples_leaf': 72, 'l2_regularization': 4.4975, 'max_bins': 170}
  refitting on full data...
  val MAE in original scale: 42,475
  recursive forecast for 548 days...

  Post-hoc scaling: Rev_factor=3.175  COGS_factor=1.360

[DONE] 264.3s elapsed
  Wrote /Users/nhatnguyen/Desktop/datathon-task3/outputs/submissions/submission_recursive.csv
  Rev mean: 4,250,000  COGS mean: 3,476,313
