======================================================================
TRAINING PIPELINE — Datathon 2026 Task 3
======================================================================

[1/5] Building features...
      train: 3833 rows × 88 features
      test:  548 rows × 88 features
      sample weights: 1826 stable / 2007 other

[2/5] Layer 1 — 3 GBMs × (base + 4 Q-specialists)...
  → REVENUE  weights=(0.4, 0.4, 0.2)
  [LGB-rev] base...
    Q1 specialist (LGB)
    Q2 specialist (LGB)
    Q3 specialist (LGB)
    Q4 specialist (LGB)
  [XGB-rev] base...
    Q1 specialist (XGB)
    Q2 specialist (XGB)
    Q3 specialist (XGB)
    Q4 specialist (XGB)
  [CAT-rev] base...
    Q1 specialist (CAT)
    Q2 specialist (CAT)
    Q3 specialist (CAT)
    Q4 specialist (CAT)
  → COGS  weights=(0.55, 0.25, 0.2)
  [LGB-cog] base...
    Q1 specialist (LGB)
    Q2 specialist (LGB)
    Q3 specialist (LGB)
    Q4 specialist (LGB)
  [XGB-cog] base...
    Q1 specialist (XGB)
    Q2 specialist (XGB)
    Q3 specialist (XGB)
    Q4 specialist (XGB)
  [CAT-cog] base...
    Q1 specialist (CAT)
    Q2 specialist (CAT)
    Q3 specialist (CAT)
    Q4 specialist (CAT)

[3/5] Layer 2 — Ridge (z-score)...

[4/5] Layer 3 — Ensemble (Ridge + GBM_blend)...
      raw Revenue mean: 3,347,686
      raw COGS mean:    2,831,138

[5/5] Layer 4 — Auto-tune calibration on hold-out...
      computing val predictions...
      default calibration: CR=1.26  CC=1.32

[DONE] 129.5s elapsed
  Wrote /Users/nhatnguyen/Desktop/datathon-task3/outputs/submissions/submission.csv
  Revenue mean: 4,218,084  (median 3,764,340)
  COGS mean:    3,737,102  (median 3,385,784)
