======================================================================
TRAINING PIPELINE v4 — unbiased calibration + per-quarter tuning
======================================================================

[1/5] Building features (NO Tet-aligned lag — hurt in this arch)...
      [XAI] Keeping top-40 features: 40/88
      [XAI] Dropped: 48 features (e.g., ['has_outdoor_promo', 'has_streetwear_promo', 'hol_black_friday', 'hol_christmas', 'hol_christmas_eve']...)
      train: 3833 rows × 40 features
      val period (2022-H2): 180 days

[2/5] Layer 1 — LGB + XGB × (base + 4 Q-specialists), unbiased val pred
  LGB-REV: base...
  LGB-REV: 4 Q-specialists...
  XGB-REV: base...
  XGB-REV: 4 Q-specialists...
  CAT-REV: base...
  CAT-REV: 4 Q-specialists...
  LGB-COG: base...
  LGB-COG: 4 Q-specialists...
  XGB-COG: base...
  XGB-COG: 4 Q-specialists...
  CAT-COG: base...
  CAT-COG: 4 Q-specialists...

[3/5] Layer 2 — Ridge (z-score)...

[4/5] Layer 3 — Ensemble (Ridge + GBM_blend)...
      raw test Revenue mean: 3,340,274
      raw test COGS mean:    2,847,132
      raw val Revenue mean:  2,584,417  truth=2,571,449
      raw val COGS mean:     2,305,469  truth=2,289,299

[5/5] Layer 4 — Unbiased calibration tuning on hold-out 2022-H2...
      Global CR=1.000  val_MAE_rev=441,032
      Global CC=0.980  val_MAE_cog=396,606
      Per-Q CR={1: 1.0, 2: 1.0, 3: 1.0, 4: 0.975}  val_MAE_rev=440,859
      Per-Q CC={1: 1.0, 2: 1.0, 3: 0.98, 4: 0.98}  val_MAE_cog=396,606
      Default CR=1.26  val_MAE_rev=746,323
      Default CC=1.32  val_MAE_cog=790,983
  Wrote /Users/nhatnguyen/Desktop/datathon-task3/outputs/submissions/submission_global.csv  Rev mean=3,340,274  COGS mean=2,790,190
  Wrote /Users/nhatnguyen/Desktop/datathon-task3/outputs/submissions/submission_per_q.csv  Rev mean=3,331,938  COGS mean=2,831,446
  Wrote /Users/nhatnguyen/Desktop/datathon-task3/outputs/submissions/submission_default.csv  Rev mean=4,208,746  COGS mean=3,758,215

[DONE] 146.2s elapsed
  Best variant by val MAE: per_q  (sum_MAE=837,465)
  MAIN: outputs/submissions/submission.csv  Rev=3,331,938  COGS=2,831,446
