======================================================================
TRAINING PIPELINE v4 — unbiased calibration + per-quarter tuning
======================================================================

[1/5] Building features (NO Tet-aligned lag — hurt in this arch)...
      train: 3833 rows × 88 features
      val period (2022-H2): 180 days

[2/5] Layer 1 — LGB + XGB × (base + 4 Q-specialists), unbiased val pred
  LGB-REV: base...
  LGB-REV: 4 Q-specialists...
  XGB-REV: base...
  XGB-REV: 4 Q-specialists...
  CAT-REV: base...
  CAT-REV: 4 Q-specialists...
  LGBQ-REV: base...
  LGBQ-REV: 4 Q-specialists...
  LGB-COG: base...
  LGB-COG: 4 Q-specialists...
  XGB-COG: base...
  XGB-COG: 4 Q-specialists...
  CAT-COG: base...
  CAT-COG: 4 Q-specialists...
  LGBQ-COG: base...
  LGBQ-COG: 4 Q-specialists...

[3/5] Layer 2 — Ridge (z-score)...

[4/5] Layer 3 — Ensemble (Ridge + GBM_blend)...
      raw test Revenue mean: 3,333,551
      raw test COGS mean:    2,842,615
      raw val Revenue mean:  2,563,542  truth=2,571,449
      raw val COGS mean:     2,280,816  truth=2,289,299

[5/5] Layer 4 — Unbiased calibration tuning on hold-out 2022-H2...
      Global CR=1.000  val_MAE_rev=444,317
      Global CC=1.000  val_MAE_cog=406,031
      Per-Q CR={1: 1.0, 2: 1.0, 3: 1.005, 4: 0.995}  val_MAE_rev=444,198
      Per-Q CC={1: 1.0, 2: 1.0, 3: 0.995, 4: 1.015}  val_MAE_cog=405,869
      Default CR=1.26  val_MAE_rev=732,778
      Default CC=1.32  val_MAE_cog=764,395
  Wrote /Users/nhatnguyen/Desktop/datathon-task3/outputs/submissions/submission_global.csv  Rev mean=3,333,551  COGS mean=2,842,615
  Wrote /Users/nhatnguyen/Desktop/datathon-task3/outputs/submissions/submission_per_q.csv  Rev mean=3,334,380  COGS mean=2,844,596
  Wrote /Users/nhatnguyen/Desktop/datathon-task3/outputs/submissions/submission_default.csv  Rev mean=4,200,274  COGS mean=3,752,252

[DONE] 242.6s elapsed
  Best variant by val MAE: per_q  (sum_MAE=850,067)
  MAIN: outputs/submissions/submission.csv  Rev=3,334,380  COGS=2,844,596
