======================================================================
TRAINING PIPELINE v4 — unbiased calibration + per-quarter tuning
======================================================================

[1/5] Building features (NO Tet-aligned lag — hurt in this arch)...
      train: 3833 rows × 88 features
      val period (2022-H2): 180 days

[2/5] Layer 1 — LGB + XGB × (base + 4 Q-specialists), unbiased val pred
      Loaded tuned hyperparameters from /Users/nhatnguyen/Desktop/datathon-task3/outputs/logs/best_params.json
  LGB-REV: base...  [TUNED]
  LGB-REV: 4 Q-specialists...
  XGB-REV: base...  [TUNED]
  XGB-REV: 4 Q-specialists...
  CAT-REV: base...  [TUNED]
  CAT-REV: 4 Q-specialists...
  LGB-COG: base...  [TUNED]
  LGB-COG: 4 Q-specialists...
  XGB-COG: base...  [TUNED]
  XGB-COG: 4 Q-specialists...
  CAT-COG: base...  [TUNED]
  CAT-COG: 4 Q-specialists...

[3/5] Layer 2 — Ridge (z-score)...

[4/5] Layer 3 — Ensemble (Ridge + GBM_blend)...
      raw test Revenue mean: 3,280,529
      raw test COGS mean:    2,812,811
      raw val Revenue mean:  2,508,138  truth=2,571,449
      raw val COGS mean:     2,281,476  truth=2,289,299

[5/5] Layer 4 — Unbiased calibration tuning on hold-out 2022-H2...
      Global CR=1.020  val_MAE_rev=444,322
      Global CC=1.000  val_MAE_cog=397,684
      Per-Q CR={1: 1.0, 2: 1.0, 3: 1.015, 4: 1.03}  val_MAE_rev=444,135
      Per-Q CC={1: 1.0, 2: 1.0, 3: 0.99, 4: 1.02}  val_MAE_cog=397,134
      Default CR=1.26  val_MAE_rev=681,612
      Default CC=1.32  val_MAE_cog=765,663
  Wrote /Users/nhatnguyen/Desktop/datathon-task3/outputs/submissions/submission_global.csv  Rev mean=3,346,140  COGS mean=2,812,811
  Wrote /Users/nhatnguyen/Desktop/datathon-task3/outputs/submissions/submission_per_q.csv  Rev mean=3,298,035  COGS mean=2,813,872
  Wrote /Users/nhatnguyen/Desktop/datathon-task3/outputs/submissions/submission_default.csv  Rev mean=4,133,467  COGS mean=3,712,910

[DONE] 244.6s elapsed
  Best variant by val MAE: per_q  (sum_MAE=841,269)
  MAIN: outputs/submissions/submission.csv  Rev=3,298,035  COGS=2,813,872
