======================================================================
TRAINING PIPELINE v4 — unbiased calibration + per-quarter tuning
======================================================================

[1/5] Building features (NO Tet-aligned lag — hurt in this arch)...
      train: 3833 rows × 88 features
      val period (2022-H2): 180 days

[2/5] Layer 1 — LGB + XGB × (base + 4 Q-specialists), unbiased val pred
  LGB-REV: base...
  LGB-REV: 4 Q-specialists...
  XGB-REV: base...
  XGB-REV: 4 Q-specialists...
  CAT-REV: base...
  CAT-REV: 4 Q-specialists...
  LGB-COG: base...
  LGB-COG: 4 Q-specialists...
  XGB-COG: base...
  XGB-COG: 4 Q-specialists...
  CAT-COG: base...
  CAT-COG: 4 Q-specialists...

[3/5] Layer 2 — Ridge (z-score)...

[4/5] Layer 3 — Ensemble (Ridge + GBM_blend)...
      raw test Revenue mean: 3,347,686
      raw test COGS mean:    2,831,138
      raw val Revenue mean:  2,597,502  truth=2,571,449
      raw val COGS mean:     2,294,117  truth=2,289,299

[5/5] Layer 4 — Unbiased calibration tuning on hold-out 2022-H2...
      Global CR=0.985  val_MAE_rev=443,127
      Global CC=0.990  val_MAE_cog=405,805
      Per-Q CR={1: 1.0, 2: 1.0, 3: 0.985, 4: 0.985}  val_MAE_rev=443,127
      Per-Q CC={1: 1.0, 2: 1.0, 3: 0.99, 4: 1.005}  val_MAE_cog=405,329
      Default CR=1.26  val_MAE_rev=761,696
      Default CC=1.32  val_MAE_cog=778,463
  Wrote /Users/nhatnguyen/Desktop/datathon-task3/outputs/submissions/submission_global.csv  Rev mean=3,297,471  COGS mean=2,802,827
  Wrote /Users/nhatnguyen/Desktop/datathon-task3/outputs/submissions/submission_per_q.csv  Rev mean=3,335,025  COGS mean=2,827,823
  Wrote /Users/nhatnguyen/Desktop/datathon-task3/outputs/submissions/submission_default.csv  Rev mean=4,218,084  COGS mean=3,737,102

[DONE] 144.8s elapsed
  Best variant by val MAE: per_q  (sum_MAE=848,457)
  MAIN: outputs/submissions/submission.csv  Rev=3,335,025  COGS=2,827,823
